0 info it worked if it ends with ok
1 verbose cli [ '/usr/bin/node', '/usr/bin/npm', 'run', 'dev' ]
2 info using npm@3.5.2
3 info using node@v8.10.0
4 verbose run-script [ 'predev', 'dev', 'postdev' ]
5 info lifecycle hotel@1.0.0~predev: hotel@1.0.0
6 silly lifecycle hotel@1.0.0~predev: no script for predev, continuing
7 info lifecycle hotel@1.0.0~dev: hotel@1.0.0
8 verbose lifecycle hotel@1.0.0~dev: unsafe-perm in lifecycle true
9 verbose lifecycle hotel@1.0.0~dev: PATH: /usr/share/npm/bin/node-gyp-bin:/home/firkat/projects/hotel/node_modules/.bin:/usr/local/sbin:/usr/local/bin:/usr/sbin:/usr/bin:/sbin:/bin:/snap/bin
10 verbose lifecycle hotel@1.0.0~dev: CWD: /home/firkat/projects/hotel
11 silly lifecycle hotel@1.0.0~dev: Args: [ '-c',
11 silly lifecycle   'cross-env NODE_ENV=development webpack --mode development' ]
12 silly lifecycle hotel@1.0.0~dev: Returned: code: 1  signal: null
13 info lifecycle hotel@1.0.0~dev: Failed to exec dev script
14 verbose stack Error: hotel@1.0.0 dev: `cross-env NODE_ENV=development webpack --mode development`
14 verbose stack Exit status 1
14 verbose stack     at EventEmitter.<anonymous> (/usr/share/npm/lib/utils/lifecycle.js:232:16)
14 verbose stack     at emitTwo (events.js:126:13)
14 verbose stack     at EventEmitter.emit (events.js:214:7)
14 verbose stack     at ChildProcess.<anonymous> (/usr/share/npm/lib/utils/spawn.js:24:14)
14 verbose stack     at emitTwo (events.js:126:13)
14 verbose stack     at ChildProcess.emit (events.js:214:7)
14 verbose stack     at maybeClose (internal/child_process.js:925:16)
14 verbose stack     at Process.ChildProcess._handle.onexit (internal/child_process.js:209:5)
15 verbose pkgid hotel@1.0.0
16 verbose cwd /home/firkat/projects/hotel/src/assets
17 error Linux 5.3.0-45-generic
18 error argv "/usr/bin/node" "/usr/bin/npm" "run" "dev"
19 error node v8.10.0
20 error npm  v3.5.2
21 error code ELIFECYCLE
22 error hotel@1.0.0 dev: `cross-env NODE_ENV=development webpack --mode development`
22 error Exit status 1
23 error Failed at the hotel@1.0.0 dev script 'cross-env NODE_ENV=development webpack --mode development'.
23 error Make sure you have the latest version of node.js and npm installed.
23 error If you do, this is most likely a problem with the hotel package,
23 error not with npm itself.
23 error Tell the author that this fails on your system:
23 error     cross-env NODE_ENV=development webpack --mode development
23 error You can get information on how to open an issue for this project with:
23 error     npm bugs hotel
23 error Or if that isn't available, you can get their info via:
23 error     npm owner ls hotel
23 error There is likely additional logging output above.
24 verbose exit [ 1, true ]
